2025-06-16 00:57:32.770 [main] INFO  b.c.c.B.BandoDigitalFinal2Application - Starting BandoDigitalFinal2Application using Java 21.0.6 with PID 17532 (C:\Users\Carlos\IdeaProjects\BancoBandoDigital-CodigoDeBase-EXPERT\target\classes started by EduardoJr in C:\Users\Carlos\IdeaProjects\BancoBandoDigital-CodigoDeBase-EXPERT)
2025-06-16 00:57:32.775 [main] INFO  b.c.c.B.BandoDigitalFinal2Application - No active profile set, falling back to 1 default profile: "default"
2025-06-16 00:57:34.048 [main] INFO  o.s.d.r.c.RepositoryConfigurationDelegate - Multiple Spring Data modules found, entering strict repository configuration mode
2025-06-16 00:57:34.049 [main] INFO  o.s.d.r.c.RepositoryConfigurationDelegate - Bootstrapping Spring Data JDBC repositories in DEFAULT mode.
2025-06-16 00:57:34.095 [main] INFO  o.s.d.r.c.RepositoryConfigurationDelegate - Finished Spring Data repository scanning in 35 ms. Found 0 JDBC repository interfaces.
2025-06-16 00:57:34.122 [main] INFO  o.s.d.r.c.RepositoryConfigurationDelegate - Multiple Spring Data modules found, entering strict repository configuration mode
2025-06-16 00:57:34.124 [main] INFO  o.s.d.r.c.RepositoryConfigurationDelegate - Bootstrapping Spring Data Redis repositories in DEFAULT mode.
2025-06-16 00:57:34.156 [main] INFO  o.s.d.r.c.RepositoryConfigurationDelegate - Finished Spring Data repository scanning in 14 ms. Found 0 Redis repository interfaces.
2025-06-16 00:57:35.156 [main] INFO  o.s.b.w.e.tomcat.TomcatWebServer - Tomcat initialized with port 8080 (http)
2025-06-16 00:57:35.175 [main] INFO  o.a.coyote.http11.Http11NioProtocol - Initializing ProtocolHandler ["http-nio-8080"]
2025-06-16 00:57:35.179 [main] INFO  o.a.catalina.core.StandardService - Starting service [Tomcat]
2025-06-16 00:57:35.180 [main] INFO  o.a.catalina.core.StandardEngine - Starting Servlet engine: [Apache Tomcat/10.1.39]
2025-06-16 00:57:35.276 [main] INFO  o.a.c.c.C.[Tomcat].[localhost].[/] - Initializing Spring embedded WebApplicationContext
2025-06-16 00:57:35.277 [main] INFO  o.s.b.w.s.c.ServletWebServerApplicationContext - Root WebApplicationContext: initialization completed in 2404 ms
2025-06-16 00:57:36.534 [main] INFO  com.zaxxer.hikari.HikariDataSource - HikariPool-1 - Starting...
2025-06-16 00:57:36.922 [main] INFO  com.zaxxer.hikari.pool.HikariPool - HikariPool-1 - Added connection org.postgresql.jdbc.PgConnection@28f05b0c
2025-06-16 00:57:36.925 [main] INFO  com.zaxxer.hikari.HikariDataSource - HikariPool-1 - Start completed.
2025-06-16 00:57:37.197 [main] INFO  o.a.coyote.http11.Http11NioProtocol - Starting ProtocolHandler ["http-nio-8080"]
2025-06-16 00:57:37.233 [main] INFO  o.s.b.w.e.tomcat.TomcatWebServer - Tomcat started on port 8080 (http) with context path '/'
2025-06-16 00:57:37.245 [main] INFO  b.c.c.B.BandoDigitalFinal2Application - Started BandoDigitalFinal2Application in 5.339 seconds (process running for 5.983)
2025-06-16 00:57:44.146 [SpringApplicationShutdownHook] INFO  o.s.b.w.e.tomcat.GracefulShutdown - Commencing graceful shutdown. Waiting for active requests to complete
2025-06-16 00:57:44.197 [tomcat-shutdown] INFO  o.s.b.w.e.tomcat.GracefulShutdown - Graceful shutdown complete
2025-06-16 00:57:44.228 [SpringApplicationShutdownHook] INFO  com.zaxxer.hikari.HikariDataSource - HikariPool-1 - Shutdown initiated...
2025-06-16 00:57:44.235 [SpringApplicationShutdownHook] INFO  com.zaxxer.hikari.HikariDataSource - HikariPool-1 - Shutdown completed.
2025-06-17 23:30:16.606 [main] INFO  b.c.c.B.BandoDigitalFinal2Application - Starting BandoDigitalFinal2Application using Java 21.0.6 with PID 11632 (C:\Users\Carlos\IdeaProjects\BancoBandoDigital-CodigoDeBase-EXPERT\target\classes started by EduardoJr in C:\Users\Carlos\IdeaProjects\BancoBandoDigital-CodigoDeBase-EXPERT)
2025-06-17 23:30:16.615 [main] INFO  b.c.c.B.BandoDigitalFinal2Application - No active profile set, falling back to 1 default profile: "default"
2025-06-17 23:30:18.110 [main] INFO  o.s.d.r.c.RepositoryConfigurationDelegate - Multiple Spring Data modules found, entering strict repository configuration mode
2025-06-17 23:30:18.112 [main] INFO  o.s.d.r.c.RepositoryConfigurationDelegate - Bootstrapping Spring Data JDBC repositories in DEFAULT mode.
2025-06-17 23:30:18.173 [main] INFO  o.s.d.r.c.RepositoryConfigurationDelegate - Finished Spring Data repository scanning in 46 ms. Found 0 JDBC repository interfaces.
2025-06-17 23:30:18.207 [main] INFO  o.s.d.r.c.RepositoryConfigurationDelegate - Multiple Spring Data modules found, entering strict repository configuration mode
2025-06-17 23:30:18.211 [main] INFO  o.s.d.r.c.RepositoryConfigurationDelegate - Bootstrapping Spring Data Redis repositories in DEFAULT mode.
2025-06-17 23:30:18.256 [main] INFO  o.s.d.r.c.RepositoryConfigurationDelegate - Finished Spring Data repository scanning in 21 ms. Found 0 Redis repository interfaces.
2025-06-17 23:30:19.402 [main] INFO  o.s.b.w.e.tomcat.TomcatWebServer - Tomcat initialized with port 8080 (http)
2025-06-17 23:30:19.421 [main] INFO  o.a.coyote.http11.Http11NioProtocol - Initializing ProtocolHandler ["http-nio-8080"]
2025-06-17 23:30:19.424 [main] INFO  o.a.catalina.core.StandardService - Starting service [Tomcat]
2025-06-17 23:30:19.424 [main] INFO  o.a.catalina.core.StandardEngine - Starting Servlet engine: [Apache Tomcat/10.1.39]
2025-06-17 23:30:19.527 [main] INFO  o.a.c.c.C.[Tomcat].[localhost].[/] - Initializing Spring embedded WebApplicationContext
2025-06-17 23:30:19.529 [main] INFO  o.s.b.w.s.c.ServletWebServerApplicationContext - Root WebApplicationContext: initialization completed in 2785 ms
2025-06-17 23:30:20.457 [main] WARN  o.s.b.w.s.c.AnnotationConfigServletWebServerApplicationContext - Exception encountered during context initialization - cancelling refresh attempt: org.springframework.beans.factory.UnsatisfiedDependencyException: Error creating bean with name 'contaController': Unsatisfied dependency expressed through field 'contaMapper': No qualifying bean of type 'br.com.cdb.BandoDigitalFinal2.adapter.in.web.mapper.ContaMapper' available: expected at least 1 bean which qualifies as autowire candidate. Dependency annotations: {@org.springframework.beans.factory.annotation.Autowired(required=true)}
2025-06-17 23:30:20.487 [main] INFO  o.a.catalina.core.StandardService - Stopping service [Tomcat]
2025-06-17 23:30:20.508 [main] INFO  o.s.b.a.l.ConditionEvaluationReportLogger - 

Error starting ApplicationContext. To display the condition evaluation report re-run your application with 'debug' enabled.
2025-06-17 23:30:20.544 [main] ERROR o.s.b.d.LoggingFailureAnalysisReporter - 

***************************
APPLICATION FAILED TO START
***************************

Description:

Field contaMapper in br.com.cdb.BandoDigitalFinal2.adapter.in.web.ContaController required a bean of type 'br.com.cdb.BandoDigitalFinal2.adapter.in.web.mapper.ContaMapper' that could not be found.

The injection point has the following annotations:
	- @org.springframework.beans.factory.annotation.Autowired(required=true)


Action:

Consider defining a bean of type 'br.com.cdb.BandoDigitalFinal2.adapter.in.web.mapper.ContaMapper' in your configuration.

2025-06-17 23:30:41.035 [main] INFO  b.c.c.B.BandoDigitalFinal2Application - Starting BandoDigitalFinal2Application using Java 21.0.6 with PID 13624 (C:\Users\Carlos\IdeaProjects\BancoBandoDigital-CodigoDeBase-EXPERT\target\classes started by EduardoJr in C:\Users\Carlos\IdeaProjects\BancoBandoDigital-CodigoDeBase-EXPERT)
2025-06-17 23:30:41.041 [main] INFO  b.c.c.B.BandoDigitalFinal2Application - No active profile set, falling back to 1 default profile: "default"
2025-06-17 23:30:42.414 [main] INFO  o.s.d.r.c.RepositoryConfigurationDelegate - Multiple Spring Data modules found, entering strict repository configuration mode
2025-06-17 23:30:42.417 [main] INFO  o.s.d.r.c.RepositoryConfigurationDelegate - Bootstrapping Spring Data JDBC repositories in DEFAULT mode.
2025-06-17 23:30:42.481 [main] INFO  o.s.d.r.c.RepositoryConfigurationDelegate - Finished Spring Data repository scanning in 50 ms. Found 0 JDBC repository interfaces.
2025-06-17 23:30:42.517 [main] INFO  o.s.d.r.c.RepositoryConfigurationDelegate - Multiple Spring Data modules found, entering strict repository configuration mode
2025-06-17 23:30:42.520 [main] INFO  o.s.d.r.c.RepositoryConfigurationDelegate - Bootstrapping Spring Data Redis repositories in DEFAULT mode.
2025-06-17 23:30:42.554 [main] INFO  o.s.d.r.c.RepositoryConfigurationDelegate - Finished Spring Data repository scanning in 18 ms. Found 0 Redis repository interfaces.
2025-06-17 23:30:43.650 [main] INFO  o.s.b.w.e.tomcat.TomcatWebServer - Tomcat initialized with port 8080 (http)
2025-06-17 23:30:43.667 [main] INFO  o.a.coyote.http11.Http11NioProtocol - Initializing ProtocolHandler ["http-nio-8080"]
2025-06-17 23:30:43.670 [main] INFO  o.a.catalina.core.StandardService - Starting service [Tomcat]
2025-06-17 23:30:43.670 [main] INFO  o.a.catalina.core.StandardEngine - Starting Servlet engine: [Apache Tomcat/10.1.39]
2025-06-17 23:30:43.759 [main] INFO  o.a.c.c.C.[Tomcat].[localhost].[/] - Initializing Spring embedded WebApplicationContext
2025-06-17 23:30:43.761 [main] INFO  o.s.b.w.s.c.ServletWebServerApplicationContext - Root WebApplicationContext: initialization completed in 2632 ms
2025-06-17 23:30:44.564 [main] WARN  o.s.b.w.s.c.AnnotationConfigServletWebServerApplicationContext - Exception encountered during context initialization - cancelling refresh attempt: org.springframework.beans.factory.UnsatisfiedDependencyException: Error creating bean with name 'contaController': Unsatisfied dependency expressed through field 'contaMapper': No qualifying bean of type 'br.com.cdb.BandoDigitalFinal2.adapter.in.web.mapper.ContaMapper' available: expected at least 1 bean which qualifies as autowire candidate. Dependency annotations: {@org.springframework.beans.factory.annotation.Autowired(required=true)}
2025-06-17 23:30:44.587 [main] INFO  o.a.catalina.core.StandardService - Stopping service [Tomcat]
2025-06-17 23:30:44.601 [main] INFO  o.s.b.a.l.ConditionEvaluationReportLogger - 

Error starting ApplicationContext. To display the condition evaluation report re-run your application with 'debug' enabled.
2025-06-17 23:30:44.638 [main] ERROR o.s.b.d.LoggingFailureAnalysisReporter - 

***************************
APPLICATION FAILED TO START
***************************

Description:

Field contaMapper in br.com.cdb.BandoDigitalFinal2.adapter.in.web.ContaController required a bean of type 'br.com.cdb.BandoDigitalFinal2.adapter.in.web.mapper.ContaMapper' that could not be found.

The injection point has the following annotations:
	- @org.springframework.beans.factory.annotation.Autowired(required=true)


Action:

Consider defining a bean of type 'br.com.cdb.BandoDigitalFinal2.adapter.in.web.mapper.ContaMapper' in your configuration.

2025-06-17 23:31:32.079 [main] INFO  b.c.c.B.BandoDigitalFinal2Application - Starting BandoDigitalFinal2Application using Java 21.0.6 with PID 2984 (C:\Users\Carlos\IdeaProjects\BancoBandoDigital-CodigoDeBase-EXPERT\target\classes started by EduardoJr in C:\Users\Carlos\IdeaProjects\BancoBandoDigital-CodigoDeBase-EXPERT)
2025-06-17 23:31:32.084 [main] INFO  b.c.c.B.BandoDigitalFinal2Application - No active profile set, falling back to 1 default profile: "default"
2025-06-17 23:31:33.333 [main] INFO  o.s.d.r.c.RepositoryConfigurationDelegate - Multiple Spring Data modules found, entering strict repository configuration mode
2025-06-17 23:31:33.335 [main] INFO  o.s.d.r.c.RepositoryConfigurationDelegate - Bootstrapping Spring Data JDBC repositories in DEFAULT mode.
2025-06-17 23:31:33.388 [main] INFO  o.s.d.r.c.RepositoryConfigurationDelegate - Finished Spring Data repository scanning in 42 ms. Found 0 JDBC repository interfaces.
2025-06-17 23:31:33.420 [main] INFO  o.s.d.r.c.RepositoryConfigurationDelegate - Multiple Spring Data modules found, entering strict repository configuration mode
2025-06-17 23:31:33.423 [main] INFO  o.s.d.r.c.RepositoryConfigurationDelegate - Bootstrapping Spring Data Redis repositories in DEFAULT mode.
2025-06-17 23:31:33.460 [main] INFO  o.s.d.r.c.RepositoryConfigurationDelegate - Finished Spring Data repository scanning in 17 ms. Found 0 Redis repository interfaces.
2025-06-17 23:31:34.495 [main] INFO  o.s.b.w.e.tomcat.TomcatWebServer - Tomcat initialized with port 8080 (http)
2025-06-17 23:31:34.517 [main] INFO  o.a.coyote.http11.Http11NioProtocol - Initializing ProtocolHandler ["http-nio-8080"]
2025-06-17 23:31:34.521 [main] INFO  o.a.catalina.core.StandardService - Starting service [Tomcat]
2025-06-17 23:31:34.521 [main] INFO  o.a.catalina.core.StandardEngine - Starting Servlet engine: [Apache Tomcat/10.1.39]
2025-06-17 23:31:34.620 [main] INFO  o.a.c.c.C.[Tomcat].[localhost].[/] - Initializing Spring embedded WebApplicationContext
2025-06-17 23:31:34.622 [main] INFO  o.s.b.w.s.c.ServletWebServerApplicationContext - Root WebApplicationContext: initialization completed in 2450 ms
2025-06-17 23:31:35.954 [main] INFO  com.zaxxer.hikari.HikariDataSource - HikariPool-1 - Starting...
2025-06-17 23:31:36.394 [main] INFO  com.zaxxer.hikari.pool.HikariPool - HikariPool-1 - Added connection org.postgresql.jdbc.PgConnection@2bdcfcf
2025-06-17 23:31:36.396 [main] INFO  com.zaxxer.hikari.HikariDataSource - HikariPool-1 - Start completed.
2025-06-17 23:31:36.722 [main] INFO  o.a.coyote.http11.Http11NioProtocol - Starting ProtocolHandler ["http-nio-8080"]
2025-06-17 23:31:36.756 [main] INFO  o.s.b.w.e.tomcat.TomcatWebServer - Tomcat started on port 8080 (http) with context path '/'
2025-06-17 23:31:36.773 [main] INFO  b.c.c.B.BandoDigitalFinal2Application - Started BandoDigitalFinal2Application in 5.536 seconds (process running for 6.09)
2025-06-17 23:32:44.166 [SpringApplicationShutdownHook] INFO  o.s.b.w.e.tomcat.GracefulShutdown - Commencing graceful shutdown. Waiting for active requests to complete
2025-06-17 23:32:44.215 [tomcat-shutdown] INFO  o.s.b.w.e.tomcat.GracefulShutdown - Graceful shutdown complete
2025-06-17 23:32:44.240 [SpringApplicationShutdownHook] INFO  com.zaxxer.hikari.HikariDataSource - HikariPool-1 - Shutdown initiated...
2025-06-17 23:32:44.252 [SpringApplicationShutdownHook] INFO  com.zaxxer.hikari.HikariDataSource - HikariPool-1 - Shutdown completed.
